06/07/2015 16:23:22 (Std) 	+-+-+-+-+-+-+-+-+-+-+-+-+-+-+-+-+-+-+-+-+-+-+-+-+-+-+-+-+-+-+-+-+-+-+-+-+-+-+-+
06/07/2015 16:23:22 (Std) 	+                     Crazy Eddie's GUI System - Event log                    +
06/07/2015 16:23:22 (Std) 	+                          (http://www.cegui.org.uk/)                         +
06/07/2015 16:23:22 (Std) 	+-+-+-+-+-+-+-+-+-+-+-+-+-+-+-+-+-+-+-+-+-+-+-+-+-+-+-+-+-+-+-+-+-+-+-+-+-+-+-+

06/07/2015 16:23:22 (Std) 	CEGUI::Logger singleton created. (0x26a8a90)
06/07/2015 16:23:22 (Std) 	
06/07/2015 16:23:22 (Std) 	********************************************************************************
06/07/2015 16:23:22 (Std) 	* Important:                                                                   *
06/07/2015 16:23:22 (Std) 	*     To get support at the CEGUI forums, you must post _at least_ the section *
06/07/2015 16:23:22 (Std) 	*     of this log file indicated below.  Failure to do this will result in no  *
06/07/2015 16:23:22 (Std) 	*     support being given; please do not waste our time.                       *
06/07/2015 16:23:22 (Std) 	********************************************************************************
06/07/2015 16:23:22 (Std) 	********************************************************************************
06/07/2015 16:23:22 (Std) 	* -------- START OF ESSENTIAL SECTION TO BE POSTED ON THE FORUM       -------- *
06/07/2015 16:23:22 (Std) 	********************************************************************************
06/07/2015 16:23:22 (Std) 	---- Version 0.7.7 (Build: May 18 2015 GNU/Linux g++ 4.8.2 64 bit) ----
06/07/2015 16:23:22 (Std) 	---- Renderer module is: CEGUI::OgreRenderer - Official OGRE based 2nd generation renderer module. ----
06/07/2015 16:23:22 (Std) 	---- XML Parser module is: CEGUI::ExpatParser - Official expat based parser module for CEGUI ----
06/07/2015 16:23:22 (Std) 	---- Image Codec module is: OgreImageCodec - Integrated ImageCodec using the Ogre engine. ----
06/07/2015 16:23:22 (Std) 	---- Scripting module is: None ----
06/07/2015 16:23:22 (Std) 	********************************************************************************
06/07/2015 16:23:22 (Std) 	* -------- END OF ESSENTIAL SECTION TO BE POSTED ON THE FORUM         -------- *
06/07/2015 16:23:22 (Std) 	********************************************************************************
06/07/2015 16:23:22 (Std) 	
06/07/2015 16:23:22 (Std) 	---- Begining CEGUI System initialisation ----
06/07/2015 16:23:22 (Std) 	CEGUI::ImagesetManager singleton created (0x26a9670)
06/07/2015 16:23:22 (Std) 	CEGUI::FontManager singleton created. (0x26aa880)
06/07/2015 16:23:22 (Std) 	CEGUI::WindowFactoryManager singleton created
06/07/2015 16:23:22 (Std) 	CEGUI::WindowManager singleton created (0x26aa9b0)
06/07/2015 16:23:22 (Std) 	CEGUI::SchemeManager singleton created. (0x26aaa50)
06/07/2015 16:23:22 (Std) 	CEGUI::MouseCursor singleton created. (0x26aab80)
06/07/2015 16:23:22 (Std) 	CEGUI::GlobalEventSet singleton created. (0x26a9840)
06/07/2015 16:23:22 (Std) 	CEGUI::AnimationManager singleton created (0x26a9cb0)
06/07/2015 16:23:22 (Std) 	CEGUI::WidgetLookManager singleton created. (0x26aa250)
06/07/2015 16:23:22 (Std) 	CEGUI::WindowRendererManager singleton created (0x26adcf0)
06/07/2015 16:23:22 (Std) 	CEGUI::RenderEffectManager singleton created (0x26add30)
06/07/2015 16:23:22 (Std) 	Created WindowFactory for 'DefaultWindow' windows.
06/07/2015 16:23:22 (Std) 	WindowFactory for 'DefaultWindow' windows added. (0x26adda0)
06/07/2015 16:23:22 (Std) 	Created WindowFactory for 'DragContainer' windows.
06/07/2015 16:23:22 (Std) 	WindowFactory for 'DragContainer' windows added. (0x26ade60)
06/07/2015 16:23:22 (Std) 	Created WindowFactory for 'ScrolledContainer' windows.
06/07/2015 16:23:22 (Std) 	WindowFactory for 'ScrolledContainer' windows added. (0x26ae110)
06/07/2015 16:23:22 (Std) 	Created WindowFactory for 'ClippedContainer' windows.
06/07/2015 16:23:22 (Std) 	WindowFactory for 'ClippedContainer' windows added. (0x26ae2b0)
06/07/2015 16:23:22 (Std) 	Created WindowFactory for 'CEGUI/Checkbox' windows.
06/07/2015 16:23:22 (Std) 	WindowFactory for 'CEGUI/Checkbox' windows added. (0x26ae450)
06/07/2015 16:23:22 (Std) 	Created WindowFactory for 'CEGUI/PushButton' windows.
06/07/2015 16:23:22 (Std) 	WindowFactory for 'CEGUI/PushButton' windows added. (0x26ae5f0)
06/07/2015 16:23:22 (Std) 	Created WindowFactory for 'CEGUI/RadioButton' windows.
06/07/2015 16:23:22 (Std) 	WindowFactory for 'CEGUI/RadioButton' windows added. (0x26ae6b0)
06/07/2015 16:23:22 (Std) 	Created WindowFactory for 'CEGUI/Combobox' windows.
06/07/2015 16:23:22 (Std) 	WindowFactory for 'CEGUI/Combobox' windows added. (0x26ae970)
06/07/2015 16:23:22 (Std) 	Created WindowFactory for 'CEGUI/ComboDropList' windows.
06/07/2015 16:23:22 (Std) 	WindowFactory for 'CEGUI/ComboDropList' windows added. (0x26aeb10)
06/07/2015 16:23:22 (Std) 	Created WindowFactory for 'CEGUI/Editbox' windows.
06/07/2015 16:23:22 (Std) 	WindowFactory for 'CEGUI/Editbox' windows added. (0x26aedd0)
06/07/2015 16:23:22 (Std) 	Created WindowFactory for 'CEGUI/FrameWindow' windows.
06/07/2015 16:23:22 (Std) 	WindowFactory for 'CEGUI/FrameWindow' windows added. (0x26aef70)
06/07/2015 16:23:22 (Std) 	Created WindowFactory for 'CEGUI/ItemEntry' windows.
06/07/2015 16:23:22 (Std) 	WindowFactory for 'CEGUI/ItemEntry' windows added. (0x26af110)
06/07/2015 16:23:22 (Std) 	Created WindowFactory for 'CEGUI/Listbox' windows.
06/07/2015 16:23:22 (Std) 	WindowFactory for 'CEGUI/Listbox' windows added. (0x26af2b0)
06/07/2015 16:23:22 (Std) 	Created WindowFactory for 'CEGUI/ListHeader' windows.
06/07/2015 16:23:22 (Std) 	WindowFactory for 'CEGUI/ListHeader' windows added. (0x26af450)
06/07/2015 16:23:22 (Std) 	Created WindowFactory for 'CEGUI/ListHeaderSegment' windows.
06/07/2015 16:23:22 (Std) 	WindowFactory for 'CEGUI/ListHeaderSegment' windows added. (0x26af5f0)
06/07/2015 16:23:22 (Std) 	Created WindowFactory for 'CEGUI/Menubar' windows.
06/07/2015 16:23:22 (Std) 	WindowFactory for 'CEGUI/Menubar' windows added. (0x26af790)
06/07/2015 16:23:22 (Std) 	Created WindowFactory for 'CEGUI/PopupMenu' windows.
06/07/2015 16:23:22 (Std) 	WindowFactory for 'CEGUI/PopupMenu' windows added. (0x26af930)
06/07/2015 16:23:22 (Std) 	Created WindowFactory for 'CEGUI/MenuItem' windows.
06/07/2015 16:23:22 (Std) 	WindowFactory for 'CEGUI/MenuItem' windows added. (0x26aebd0)
06/07/2015 16:23:22 (Std) 	Created WindowFactory for 'CEGUI/MultiColumnList' windows.
06/07/2015 16:23:22 (Std) 	WindowFactory for 'CEGUI/MultiColumnList' windows added. (0x26afcc0)
06/07/2015 16:23:22 (Std) 	Created WindowFactory for 'CEGUI/MultiLineEditbox' windows.
06/07/2015 16:23:22 (Std) 	WindowFactory for 'CEGUI/MultiLineEditbox' windows added. (0x26afe60)
06/07/2015 16:23:22 (Std) 	Created WindowFactory for 'CEGUI/ProgressBar' windows.
06/07/2015 16:23:22 (Std) 	WindowFactory for 'CEGUI/ProgressBar' windows added. (0x26b0000)
06/07/2015 16:23:22 (Std) 	Created WindowFactory for 'CEGUI/ScrollablePane' windows.
06/07/2015 16:23:22 (Std) 	WindowFactory for 'CEGUI/ScrollablePane' windows added. (0x26b01a0)
06/07/2015 16:23:22 (Std) 	Created WindowFactory for 'CEGUI/Scrollbar' windows.
06/07/2015 16:23:22 (Std) 	WindowFactory for 'CEGUI/Scrollbar' windows added. (0x26b0340)
06/07/2015 16:23:22 (Std) 	Created WindowFactory for 'CEGUI/Slider' windows.
06/07/2015 16:23:22 (Std) 	WindowFactory for 'CEGUI/Slider' windows added. (0x26b04e0)
06/07/2015 16:23:22 (Std) 	Created WindowFactory for 'CEGUI/Spinner' windows.
06/07/2015 16:23:22 (Std) 	WindowFactory for 'CEGUI/Spinner' windows added. (0x26b0680)
06/07/2015 16:23:22 (Std) 	Created WindowFactory for 'CEGUI/TabButton' windows.
06/07/2015 16:23:22 (Std) 	WindowFactory for 'CEGUI/TabButton' windows added. (0x26b0820)
06/07/2015 16:23:22 (Std) 	Created WindowFactory for 'CEGUI/TabControl' windows.
06/07/2015 16:23:22 (Std) 	WindowFactory for 'CEGUI/TabControl' windows added. (0x26b09c0)
06/07/2015 16:23:22 (Std) 	Created WindowFactory for 'CEGUI/Thumb' windows.
06/07/2015 16:23:22 (Std) 	WindowFactory for 'CEGUI/Thumb' windows added. (0x26b0b60)
06/07/2015 16:23:22 (Std) 	Created WindowFactory for 'CEGUI/Titlebar' windows.
06/07/2015 16:23:22 (Std) 	WindowFactory for 'CEGUI/Titlebar' windows added. (0x26b0d00)
06/07/2015 16:23:22 (Std) 	Created WindowFactory for 'CEGUI/Tooltip' windows.
06/07/2015 16:23:22 (Std) 	WindowFactory for 'CEGUI/Tooltip' windows added. (0x26b0ea0)
06/07/2015 16:23:22 (Std) 	Created WindowFactory for 'CEGUI/ItemListbox' windows.
06/07/2015 16:23:22 (Std) 	WindowFactory for 'CEGUI/ItemListbox' windows added. (0x26b1040)
06/07/2015 16:23:22 (Std) 	Created WindowFactory for 'CEGUI/GroupBox' windows.
06/07/2015 16:23:22 (Std) 	WindowFactory for 'CEGUI/GroupBox' windows added. (0x26b11e0)
06/07/2015 16:23:22 (Std) 	Created WindowFactory for 'CEGUI/Tree' windows.
06/07/2015 16:23:22 (Std) 	WindowFactory for 'CEGUI/Tree' windows added. (0x26b1380)
06/07/2015 16:23:22 (Std) 	Created WindowFactory for 'HorizontalLayoutContainer' windows.
06/07/2015 16:23:22 (Std) 	WindowFactory for 'HorizontalLayoutContainer' windows added. (0x26afad0)
06/07/2015 16:23:22 (Std) 	Created WindowFactory for 'VerticalLayoutContainer' windows.
06/07/2015 16:23:22 (Std) 	WindowFactory for 'VerticalLayoutContainer' windows added. (0x26b1810)
06/07/2015 16:23:22 (Std) 	Created WindowFactory for 'GridLayoutContainer' windows.
06/07/2015 16:23:22 (Std) 	WindowFactory for 'GridLayoutContainer' windows added. (0x26b19b0)
06/07/2015 16:23:22 (Std) 	Window type alias named 'DefaultGUISheet' added for window type 'DefaultWindow'.
06/07/2015 16:23:22 (Std) 	CEGUI::System singleton created. (0x26a8680)
06/07/2015 16:23:22 (Std) 	---- CEGUI System initialisation completed ----
06/07/2015 16:23:22 (Std) 	
06/07/2015 16:23:22 (Std) 	Started creation of Scheme from XML specification:
06/07/2015 16:23:22 (Std) 	---- CEGUI GUIScheme name: Excegui
06/07/2015 16:23:22 (Std) 	Started creation of Imageset from XML specification:
06/07/2015 16:23:22 (Std) 	---- CEGUI Imageset name: Excegui
06/07/2015 16:23:22 (Std) 	---- Source texture file: Excegui.png in resource group: (Default)
06/07/2015 16:23:22 (Std) 	===== Falagard 'root' element: look and feel parsing begins =====
06/07/2015 16:23:22 (Std) 	===== Look and feel parsing completed =====
06/07/2015 16:23:22 (Std) 	No window renderer factories specified for module 'CEGUIFalagardWRBase' - adding all available factories...
06/07/2015 16:23:22 (Std) 	Created WindowRendererFactory for 'Falagard/Button' WindowRenderers.
06/07/2015 16:23:22 (Std) 	WindowRendererFactory 'Falagard/Button' added. (0x27f4ca0)
06/07/2015 16:23:22 (Std) 	Created WindowRendererFactory for 'Falagard/Default' WindowRenderers.
06/07/2015 16:23:22 (Std) 	WindowRendererFactory 'Falagard/Default' added. (0x26c58c0)
06/07/2015 16:23:22 (Std) 	Created WindowRendererFactory for 'Falagard/Editbox' WindowRenderers.
06/07/2015 16:23:22 (Std) 	WindowRendererFactory 'Falagard/Editbox' added. (0x28081e0)
06/07/2015 16:23:22 (Std) 	Created WindowRendererFactory for 'Falagard/FrameWindow' WindowRenderers.
06/07/2015 16:23:22 (Std) 	WindowRendererFactory 'Falagard/FrameWindow' added. (0x2823180)
06/07/2015 16:23:22 (Std) 	Created WindowRendererFactory for 'Falagard/ItemEntry' WindowRenderers.
06/07/2015 16:23:22 (Std) 	WindowRendererFactory 'Falagard/ItemEntry' added. (0x26bb3b0)
06/07/2015 16:23:22 (Std) 	Created WindowRendererFactory for 'Falagard/ListHeader' WindowRenderers.
06/07/2015 16:23:22 (Std) 	WindowRendererFactory 'Falagard/ListHeader' added. (0x280dfa0)
06/07/2015 16:23:22 (Std) 	Created WindowRendererFactory for 'Falagard/ListHeaderSegment' WindowRenderers.
06/07/2015 16:23:22 (Std) 	WindowRendererFactory 'Falagard/ListHeaderSegment' added. (0x26be340)
06/07/2015 16:23:22 (Std) 	Created WindowRendererFactory for 'Falagard/Listbox' WindowRenderers.
06/07/2015 16:23:22 (Std) 	WindowRendererFactory 'Falagard/Listbox' added. (0x26be4e0)
06/07/2015 16:23:22 (Std) 	Created WindowRendererFactory for 'Falagard/Menubar' WindowRenderers.
06/07/2015 16:23:22 (Std) 	WindowRendererFactory 'Falagard/Menubar' added. (0x26be680)
06/07/2015 16:23:22 (Std) 	Created WindowRendererFactory for 'Falagard/MenuItem' WindowRenderers.
06/07/2015 16:23:22 (Std) 	WindowRendererFactory 'Falagard/MenuItem' added. (0x26be820)
06/07/2015 16:23:22 (Std) 	Created WindowRendererFactory for 'Falagard/MultiColumnList' WindowRenderers.
06/07/2015 16:23:22 (Std) 	WindowRendererFactory 'Falagard/MultiColumnList' added. (0x26be9c0)
06/07/2015 16:23:22 (Std) 	Created WindowRendererFactory for 'Falagard/MultiLineEditbox' WindowRenderers.
06/07/2015 16:23:22 (Std) 	WindowRendererFactory 'Falagard/MultiLineEditbox' added. (0x26b1f00)
06/07/2015 16:23:22 (Std) 	Created WindowRendererFactory for 'Falagard/PopupMenu' WindowRenderers.
06/07/2015 16:23:22 (Std) 	WindowRendererFactory 'Falagard/PopupMenu' added. (0x26b20a0)
06/07/2015 16:23:22 (Std) 	Created WindowRendererFactory for 'Falagard/ProgressBar' WindowRenderers.
06/07/2015 16:23:22 (Std) 	WindowRendererFactory 'Falagard/ProgressBar' added. (0x26b2240)
06/07/2015 16:23:22 (Std) 	Created WindowRendererFactory for 'Falagard/ScrollablePane' WindowRenderers.
06/07/2015 16:23:22 (Std) 	WindowRendererFactory 'Falagard/ScrollablePane' added. (0x26b23e0)
06/07/2015 16:23:22 (Std) 	Created WindowRendererFactory for 'Falagard/Scrollbar' WindowRenderers.
06/07/2015 16:23:22 (Std) 	WindowRendererFactory 'Falagard/Scrollbar' added. (0x26b2580)
06/07/2015 16:23:22 (Std) 	Created WindowRendererFactory for 'Falagard/Slider' WindowRenderers.
06/07/2015 16:23:22 (Std) 	WindowRendererFactory 'Falagard/Slider' added. (0x26b2720)
06/07/2015 16:23:22 (Std) 	Created WindowRendererFactory for 'Falagard/Static' WindowRenderers.
06/07/2015 16:23:22 (Std) 	WindowRendererFactory 'Falagard/Static' added. (0x26b29d0)
06/07/2015 16:23:22 (Std) 	Created WindowRendererFactory for 'Falagard/StaticImage' WindowRenderers.
06/07/2015 16:23:22 (Std) 	WindowRendererFactory 'Falagard/StaticImage' added. (0x26b2b70)
06/07/2015 16:23:22 (Std) 	Created WindowRendererFactory for 'Falagard/StaticText' WindowRenderers.
06/07/2015 16:23:22 (Std) 	WindowRendererFactory 'Falagard/StaticText' added. (0x26b2d10)
06/07/2015 16:23:22 (Std) 	Created WindowRendererFactory for 'Falagard/SystemButton' WindowRenderers.
06/07/2015 16:23:22 (Std) 	WindowRendererFactory 'Falagard/SystemButton' added. (0x26b2eb0)
06/07/2015 16:23:22 (Std) 	Created WindowRendererFactory for 'Falagard/TabButton' WindowRenderers.
06/07/2015 16:23:22 (Std) 	WindowRendererFactory 'Falagard/TabButton' added. (0x26b3050)
06/07/2015 16:23:22 (Std) 	Created WindowRendererFactory for 'Falagard/TabControl' WindowRenderers.
06/07/2015 16:23:22 (Std) 	WindowRendererFactory 'Falagard/TabControl' added. (0x282a130)
06/07/2015 16:23:22 (Std) 	Created WindowRendererFactory for 'Falagard/Titlebar' WindowRenderers.
06/07/2015 16:23:22 (Std) 	WindowRendererFactory 'Falagard/Titlebar' added. (0x282a2d0)
06/07/2015 16:23:22 (Std) 	Created WindowRendererFactory for 'Falagard/ToggleButton' WindowRenderers.
06/07/2015 16:23:22 (Std) 	WindowRendererFactory 'Falagard/ToggleButton' added. (0x282a470)
06/07/2015 16:23:22 (Std) 	Created WindowRendererFactory for 'Falagard/Tooltip' WindowRenderers.
06/07/2015 16:23:22 (Std) 	WindowRendererFactory 'Falagard/Tooltip' added. (0x282a610)
06/07/2015 16:23:22 (Std) 	Created WindowRendererFactory for 'Falagard/ItemListbox' WindowRenderers.
06/07/2015 16:23:22 (Std) 	WindowRendererFactory 'Falagard/ItemListbox' added. (0x282a7b0)
06/07/2015 16:23:22 (Std) 	Created WindowRendererFactory for 'Falagard/Tree' WindowRenderers.
06/07/2015 16:23:22 (Std) 	WindowRendererFactory 'Falagard/Tree' added. (0x282a950)
06/07/2015 16:23:22 (Std) 	Creating falagard mapping for type 'Excegui/Button' using base type 'CEGUI/PushButton', window renderer 'Falagard/Button' Look'N'Feel 'Excegui/Button' and RenderEffect ''. (0x7ffc92bb3d50)
06/07/2015 16:23:22 (Std) 	Creating falagard mapping for type 'Excegui/Checkbox' using base type 'CEGUI/Checkbox', window renderer 'Falagard/ToggleButton' Look'N'Feel 'Excegui/Checkbox' and RenderEffect ''. (0x7ffc92bb3d50)
06/07/2015 16:23:22 (Std) 	Creating falagard mapping for type 'Excegui/ImageButton' using base type 'CEGUI/PushButton', window renderer 'Falagard/Button' Look'N'Feel 'Excegui/ImageButton' and RenderEffect ''. (0x7ffc92bb3d50)
06/07/2015 16:23:22 (Std) 	Creating falagard mapping for type 'Excegui/RadioButton' using base type 'CEGUI/RadioButton', window renderer 'Falagard/ToggleButton' Look'N'Feel 'Excegui/RadioButton' and RenderEffect ''. (0x7ffc92bb3d50)
06/07/2015 16:23:22 (Std) 	Creating falagard mapping for type 'Excegui/FrameWindow' using base type 'CEGUI/FrameWindow', window renderer 'Falagard/FrameWindow' Look'N'Feel 'Excegui/FrameWindow' and RenderEffect ''. (0x7ffc92bb3d50)
06/07/2015 16:23:22 (Std) 	Creating falagard mapping for type 'Excegui/Titlebar' using base type 'CEGUI/Titlebar', window renderer 'Falagard/Titlebar' Look'N'Feel 'Excegui/Titlebar' and RenderEffect ''. (0x7ffc92bb3d50)
06/07/2015 16:23:22 (Std) 	Creating falagard mapping for type 'Excegui/SystemButton' using base type 'CEGUI/PushButton', window renderer 'Falagard/SystemButton' Look'N'Feel 'Excegui/Button' and RenderEffect ''. (0x7ffc92bb3d50)
06/07/2015 16:23:22 (Std) 	Creating falagard mapping for type 'Excegui/Editbox' using base type 'CEGUI/Editbox', window renderer 'Falagard/Editbox' Look'N'Feel 'Excegui/Editbox' and RenderEffect ''. (0x7ffc92bb3d50)
06/07/2015 16:23:22 (Std) 	Creating falagard mapping for type 'Excegui/MultiLineEditbox' using base type 'CEGUI/MultiLineEditbox', window renderer 'Falagard/MultiLineEditbox' Look'N'Feel 'Excegui/MultiLineEditbox' and RenderEffect ''. (0x7ffc92bb3d50)
06/07/2015 16:23:22 (Std) 	Creating falagard mapping for type 'Excegui/Menubar' using base type 'CEGUI/Menubar', window renderer 'Falagard/Menubar' Look'N'Feel 'Excegui/Menubar' and RenderEffect ''. (0x7ffc92bb3d50)
06/07/2015 16:23:22 (Std) 	Creating falagard mapping for type 'Excegui/PopupMenu' using base type 'CEGUI/PopupMenu', window renderer 'Falagard/PopupMenu' Look'N'Feel 'Excegui/PopupMenu' and RenderEffect ''. (0x7ffc92bb3d50)
06/07/2015 16:23:22 (Std) 	Creating falagard mapping for type 'Excegui/MenuItem' using base type 'CEGUI/MenuItem', window renderer 'Falagard/MenuItem' Look'N'Feel 'Excegui/MenuItem' and RenderEffect ''. (0x7ffc92bb3d50)
06/07/2015 16:23:22 (Std) 	Creating falagard mapping for type 'Excegui/AlternateProgressBar' using base type 'CEGUI/ProgressBar', window renderer 'Falagard/ProgressBar' Look'N'Feel 'Excegui/AltProgressBar' and RenderEffect ''. (0x7ffc92bb3d50)
06/07/2015 16:23:22 (Std) 	Creating falagard mapping for type 'Excegui/ProgressBar' using base type 'CEGUI/ProgressBar', window renderer 'Falagard/ProgressBar' Look'N'Feel 'Excegui/ProgressBar' and RenderEffect ''. (0x7ffc92bb3d50)
06/07/2015 16:23:22 (Std) 	Creating falagard mapping for type 'Excegui/VUMeter' using base type 'CEGUI/ProgressBar', window renderer 'Falagard/ProgressBar' Look'N'Feel 'Excegui/VUMeter' and RenderEffect ''. (0x7ffc92bb3d50)
06/07/2015 16:23:22 (Std) 	Creating falagard mapping for type 'Excegui/VerticalScrollbar' using base type 'CEGUI/Scrollbar', window renderer 'Falagard/Scrollbar' Look'N'Feel 'Excegui/VerticalScrollbar' and RenderEffect ''. (0x7ffc92bb3d50)
06/07/2015 16:23:22 (Std) 	Creating falagard mapping for type 'Excegui/HorizontalScrollbar' using base type 'CEGUI/Scrollbar', window renderer 'Falagard/Scrollbar' Look'N'Feel 'Excegui/HorizontalScrollbar' and RenderEffect ''. (0x7ffc92bb3d50)
06/07/2015 16:23:22 (Std) 	Creating falagard mapping for type 'Excegui/VerticalScrollbarThumb' using base type 'CEGUI/Thumb', window renderer 'Falagard/Button' Look'N'Feel 'Excegui/VerticalScrollbarThumb' and RenderEffect ''. (0x7ffc92bb3d50)
06/07/2015 16:23:22 (Std) 	Creating falagard mapping for type 'Excegui/HorizontalScrollbarThumb' using base type 'CEGUI/Thumb', window renderer 'Falagard/Button' Look'N'Feel 'Excegui/HorizontalScrollbarThumb' and RenderEffect ''. (0x7ffc92bb3d50)
06/07/2015 16:23:22 (Std) 	Creating falagard mapping for type 'Excegui/LargeVerticalScrollbar' using base type 'CEGUI/Scrollbar', window renderer 'Falagard/Scrollbar' Look'N'Feel 'Excegui/LargeVerticalScrollbar' and RenderEffect ''. (0x7ffc92bb3d50)
06/07/2015 16:23:22 (Std) 	Creating falagard mapping for type 'Excegui/LargeVerticalScrollbarThumb' using base type 'CEGUI/Thumb', window renderer 'Falagard/Button' Look'N'Feel 'Excegui/LargeVerticalScrollbarThumb' and RenderEffect ''. (0x7ffc92bb3d50)
06/07/2015 16:23:22 (Std) 	Creating falagard mapping for type 'Excegui/TabButton' using base type 'CEGUI/TabButton', window renderer 'Falagard/TabButton' Look'N'Feel 'Excegui/TabButton' and RenderEffect ''. (0x7ffc92bb3d50)
06/07/2015 16:23:22 (Std) 	Creating falagard mapping for type 'Excegui/TabControl' using base type 'CEGUI/TabControl', window renderer 'Falagard/TabControl' Look'N'Feel 'Excegui/TabControl' and RenderEffect ''. (0x7ffc92bb3d50)
06/07/2015 16:23:22 (Std) 	Creating falagard mapping for type 'Excegui/TabContentPane' using base type 'DefaultWindow', window renderer 'Falagard/Default' Look'N'Feel 'Excegui/TabContentPane' and RenderEffect ''. (0x7ffc92bb3d50)
06/07/2015 16:23:22 (Std) 	Creating falagard mapping for type 'Excegui/TabButtonPane' using base type 'DefaultWindow', window renderer 'Falagard/Default' Look'N'Feel 'Excegui/TabButtonPane' and RenderEffect ''. (0x7ffc92bb3d50)
06/07/2015 16:23:22 (Std) 	Creating falagard mapping for type 'Excegui/ComboDropList' using base type 'CEGUI/ComboDropList', window renderer 'Falagard/Listbox' Look'N'Feel 'Excegui/ComboDropList' and RenderEffect ''. (0x7ffc92bb3d50)
06/07/2015 16:23:22 (Std) 	Creating falagard mapping for type 'Excegui/ComboEditbox' using base type 'CEGUI/Editbox', window renderer 'Falagard/Editbox' Look'N'Feel 'Excegui/ComboEditbox' and RenderEffect ''. (0x7ffc92bb3d50)
06/07/2015 16:23:22 (Std) 	Creating falagard mapping for type 'Excegui/Combobox' using base type 'CEGUI/Combobox', window renderer 'Falagard/Default' Look'N'Feel 'Excegui/Combobox' and RenderEffect ''. (0x7ffc92bb3d50)
06/07/2015 16:23:22 (Std) 	Creating falagard mapping for type 'Excegui/Listbox' using base type 'CEGUI/Listbox', window renderer 'Falagard/Listbox' Look'N'Feel 'Excegui/Listbox' and RenderEffect ''. (0x7ffc92bb3d50)
06/07/2015 16:23:22 (Std) 	Creating falagard mapping for type 'Excegui/ListHeader' using base type 'CEGUI/ListHeader', window renderer 'Falagard/ListHeader' Look'N'Feel 'Excegui/ListHeader' and RenderEffect ''. (0x7ffc92bb3d50)
06/07/2015 16:23:22 (Std) 	Creating falagard mapping for type 'Excegui/ListHeaderSegment' using base type 'CEGUI/ListHeaderSegment', window renderer 'Falagard/ListHeaderSegment' Look'N'Feel 'Excegui/ListHeaderSegment' and RenderEffect ''. (0x7ffc92bb3d50)
06/07/2015 16:23:22 (Std) 	Creating falagard mapping for type 'Excegui/MultiColumnList' using base type 'CEGUI/MultiColumnList', window renderer 'Falagard/MultiColumnList' Look'N'Feel 'Excegui/MultiColumnList' and RenderEffect ''. (0x7ffc92bb3d50)
06/07/2015 16:23:22 (Std) 	Creating falagard mapping for type 'Excegui/Slider' using base type 'CEGUI/Slider', window renderer 'Falagard/Slider' Look'N'Feel 'Excegui/Slider' and RenderEffect ''. (0x7ffc92bb3d50)
06/07/2015 16:23:22 (Std) 	Creating falagard mapping for type 'Excegui/SliderThumb' using base type 'CEGUI/Thumb', window renderer 'Falagard/Button' Look'N'Feel 'Excegui/SliderThumb' and RenderEffect ''. (0x7ffc92bb3d50)
06/07/2015 16:23:22 (Std) 	Creating falagard mapping for type 'Excegui/ScrollablePane' using base type 'CEGUI/ScrollablePane', window renderer 'Falagard/ScrollablePane' Look'N'Feel 'Excegui/ScrollablePane' and RenderEffect ''. (0x7ffc92bb3d50)
06/07/2015 16:23:22 (Std) 	Creating falagard mapping for type 'Excegui/Spinner' using base type 'CEGUI/Spinner', window renderer 'Falagard/Default' Look'N'Feel 'Excegui/Spinner' and RenderEffect ''. (0x7ffc92bb3d50)
06/07/2015 16:23:22 (Std) 	Creating falagard mapping for type 'Excegui/Tooltip' using base type 'CEGUI/Tooltip', window renderer 'Falagard/Tooltip' Look'N'Feel 'Excegui/Tooltip' and RenderEffect ''. (0x7ffc92bb3d50)
06/07/2015 16:23:22 (Std) 	Creating falagard mapping for type 'Excegui/StaticImage' using base type 'DefaultWindow', window renderer 'Falagard/StaticImage' Look'N'Feel 'Excegui/StaticImage' and RenderEffect ''. (0x7ffc92bb3d50)
06/07/2015 16:23:22 (Std) 	Creating falagard mapping for type 'Excegui/StaticText' using base type 'DefaultWindow', window renderer 'Falagard/StaticText' Look'N'Feel 'Excegui/StaticText' and RenderEffect ''. (0x7ffc92bb3d50)
06/07/2015 16:23:22 (Std) 	Creating falagard mapping for type 'Excegui/ItemListbox' using base type 'CEGUI/ItemListbox', window renderer 'Falagard/ItemListbox' Look'N'Feel 'Excegui/ItemListbox' and RenderEffect ''. (0x7ffc92bb3d50)
06/07/2015 16:23:22 (Std) 	Creating falagard mapping for type 'Excegui/ListboxItem' using base type 'CEGUI/ItemEntry', window renderer 'Falagard/ItemEntry' Look'N'Feel 'Excegui/ListboxItem' and RenderEffect ''. (0x7ffc92bb3d50)
06/07/2015 16:23:22 (Std) 	Started creation of Imageset from XML specification:
06/07/2015 16:23:22 (Std) 	---- CEGUI Imageset name: Excegui
06/07/2015 16:23:22 (Std) 	---- Source texture file: Excegui.png in resource group: (Default)
06/07/2015 16:23:22 (Std) 	---- Returning existing instance of Imageset named 'Excegui'.
06/07/2015 16:23:22 (Std) 	Attempting to create FreeType font 'Abandon-Alphabeta' using font file 'Abandon-Alphabeta.ttf'.
06/07/2015 16:23:22 (Std) 	---- Successfully completed loading of GUI layout from 'InitMenu.layout' ----
06/07/2015 16:23:22 (Std) 	Attempting to create Imageset 'Abandon-Alphabeta_auto_glyph_images_ ' with texture only.
