20:54:35: Creating resource group General
20:54:35: Creating resource group Internal
20:54:35: Creating resource group Autodetect
20:54:35: SceneManagerFactory for type 'DefaultSceneManager' registered.
20:54:35: Registering ResourceManager for type Material
20:54:35: Registering ResourceManager for type Mesh
20:54:35: Registering ResourceManager for type Skeleton
20:54:35: MovableObjectFactory for type 'ParticleSystem' registered.
20:54:35: OverlayElementFactory for type Panel registered.
20:54:35: OverlayElementFactory for type BorderPanel registered.
20:54:35: OverlayElementFactory for type TextArea registered.
20:54:35: Registering ResourceManager for type Font
20:54:35: ArchiveFactory for archive type FileSystem registered.
20:54:35: ArchiveFactory for archive type Zip registered.
20:54:35: ArchiveFactory for archive type EmbeddedZip registered.
20:54:35: DDS codec registering
20:54:35: FreeImage version: 3.15.4
20:54:35: This program uses FreeImage, a free, open source image library supporting all common bitmap formats. See http://freeimage.sourceforge.net for details
20:54:35: Supported formats: bmp,ico,jpg,jif,jpeg,jpe,jng,koa,iff,lbm,mng,pbm,pbm,pcd,pcx,pgm,pgm,png,ppm,ppm,ras,tga,targa,tif,tiff,wap,wbmp,wbm,psd,cut,xbm,xpm,gif,hdr,g3,sgi,exr,j2k,j2c,jp2,pfm,pct,pict,pic,3fr,arw,bay,bmq,cap,cine,cr2,crw,cs1,dc2,dcr,drf,dsc,dng,erf,fff,ia,iiq,k25,kc2,kdc,mdc,mef,mos,mrw,nef,nrw,orf,pef,ptx,pxn,qtk,raf,raw,rdc,rw2,rwl,rwz,sr2,srf,srw,sti
20:54:35: Registering ResourceManager for type HighLevelGpuProgram
20:54:35: Registering ResourceManager for type Compositor
20:54:35: MovableObjectFactory for type 'Entity' registered.
20:54:35: MovableObjectFactory for type 'Light' registered.
20:54:35: MovableObjectFactory for type 'BillboardSet' registered.
20:54:35: MovableObjectFactory for type 'ManualObject' registered.
20:54:35: MovableObjectFactory for type 'BillboardChain' registered.
20:54:35: MovableObjectFactory for type 'RibbonTrail' registered.
20:54:35: Loading library /usr/lib/x86_64-linux-gnu/OGRE-1.8.0/RenderSystem_GL
20:54:35: Installing plugin: GL RenderSystem
20:54:35: OpenGL Rendering Subsystem created.
20:54:35: Plugin successfully installed
20:54:35: *-*-* OGRE Initialising
20:54:35: *-*-* Version 1.8.1 (Byatis)
20:54:35: Creating resource group Fonts
20:54:35: Added resource location 'media/Menu/fonts' of type 'FileSystem' to resource group 'Fonts'
20:54:35: Added resource location 'media' of type 'FileSystem' to resource group 'General'
20:54:35: Added resource location 'media/PaddleMedia' of type 'FileSystem' to resource group 'General'
20:54:35: Added resource location 'media/Robotillo' of type 'FileSystem' to resource group 'General'
20:54:35: Added resource location 'media/Level1' of type 'FileSystem' to resource group 'General'
20:54:35: Added resource location 'media/Pj' of type 'FileSystem' to resource group 'General'
20:54:35: Added resource location 'media/Rebotador' of type 'FileSystem' to resource group 'General'
20:54:35: Added resource location 'media/Catapulta' of type 'FileSystem' to resource group 'General'
20:54:35: Added resource location 'media/Menu/xml_schemas' of type 'FileSystem' to resource group 'General'
20:54:35: Creating resource group Imagesets
20:54:35: Added resource location 'media/Menu/imagesets' of type 'FileSystem' to resource group 'Imagesets'
20:54:35: Creating resource group Layouts
20:54:35: Added resource location 'media/Menu/layouts' of type 'FileSystem' to resource group 'Layouts'
20:54:35: Creating resource group LookNFeel
20:54:35: Added resource location 'media/Menu/looknfeel' of type 'FileSystem' to resource group 'LookNFeel'
20:54:35: Creating resource group Schemes
20:54:35: Added resource location 'media/Menu/schemes' of type 'FileSystem' to resource group 'Schemes'
20:54:35: CPU Identifier & Features
20:54:35: -------------------------
20:54:35:  *   CPU ID: GenuineIntel: Intel(R) Core(TM) i7-4650U CPU @ 1.70GHz
20:54:35:  *      SSE: yes
20:54:35:  *     SSE2: yes
20:54:35:  *     SSE3: yes
20:54:35:  *      MMX: yes
20:54:35:  *   MMXEXT: yes
20:54:35:  *    3DNOW: no
20:54:35:  * 3DNOWEXT: no
20:54:35:  *     CMOV: yes
20:54:35:  *      TSC: yes
20:54:35:  *      FPU: yes
20:54:35:  *      PRO: yes
20:54:35:  *       HT: no
20:54:35: -------------------------
20:54:35: ******************************
*** Starting GLX Subsystem ***
******************************
20:54:35: Registering ResourceManager for type Texture
20:54:35: GLRenderSystem::_createRenderWindow "AccelExceeded", 1600x900 windowed  miscParams: FSAA=0 displayFrequency=56 MHz gamma=No vsync=No 
20:54:35: GLXWindow::create used FBConfigID = 66
20:54:35: GL_VERSION = 2.1 INTEL-10.6.20
20:54:35: GL_VENDOR = Parallels and Intel Inc.
20:54:35: GL_RENDERER = Parallels using Intel HD Graphics 5000 OpenGL Engine
20:54:35: GL_EXTENSIONS = GL_EXT_texture3D GL_ARB_color_buffer_float GL_ARB_depth_texture GL_ARB_draw_buffers GL_ARB_fragment_program GL_ARB_fragment_program_shadow GL_ARB_fragment_shader GL_ARB_framebuffer_object GL_ARB_half_float_pixel GL_ARB_half_float_vertex GL_ARB_multisample GL_ARB_multitexture GL_ARB_occlusion_query GL_ARB_pixel_buffer_object GL_ARB_point_parameters GL_ARB_point_sprite GL_ARB_shader_objects GL_ARB_shader_texture_lod GL_ARB_shading_language_100 GL_ARB_shadow GL_ARB_texture_border_clamp GL_ARB_texture_compression GL_ARB_texture_compression_rgtc GL_ARB_texture_cube_map GL_ARB_texture_env_add GL_ARB_texture_env_combine GL_ARB_texture_env_crossbar GL_ARB_texture_env_dot3 GL_ARB_texture_float GL_ARB_texture_mirrored_repeat GL_ARB_texture_non_power_of_two GL_ARB_texture_rectangle GL_ARB_texture_rg GL_ARB_transpose_matrix GL_ARB_vertex_blend GL_ARB_vertex_buffer_object GL_ARB_vertex_program GL_ARB_vertex_shader GL_ARB_window_pos GL_EXT_abgr GL_EXT_bgra GL_EXT_blend_color GL_EXT_blend_equation_separate GL_EXT_blend_func_separate GL_EXT_blend_minmax GL_EXT_blend_subtract GL_EXT_clip_volume_hint GL_EXT_draw_buffers2 GL_EXT_draw_range_elements GL_EXT_fog_coord GL_EXT_framebuffer_blit GL_EXT_framebuffer_multisample GL_EXT_framebuffer_object GL_EXT_framebuffer_sRGB GL_EXT_geometry_shader4 GL_EXT_gpu_program_parameters GL_EXT_multi_draw_arrays GL_EXT_packed_depth_stencil GL_EXT_packed_float GL_EXT_provoking_vertex GL_EXT_rescale_normal GL_EXT_secondary_color GL_EXT_separate_specular_color GL_EXT_shadow_funcs GL_EXT_stencil_two_side GL_EXT_stencil_wrap GL_EXT_texture_array GL_EXT_texture_compression_dxt1 GL_EXT_texture_compression_s3tc GL_EXT_texture_env_add GL_EXT_texture_filter_anisotropic GL_EXT_texture_integer GL_EXT_texture_lod_bias GL_EXT_texture_rectangle GL_EXT_texture_shared_exponent GL_EXT_texture_sRGB GL_EXT_vertex_array_bgra GL_ATI_separate_stencil GL_ATI_texture_env_combine3 GL_ATI_texture_float GL_ATI_texture_mirror_once GL_NV_blend_square GL_NV_depth_clamp GL_NV_fog_distance GL_NV_light_max_exponent GL_NV_texgen_reflection GL_SGIS_generate_mipmap GL_SGIS_texture_edge_clamp GL_SGIS_texture_lod GL_EXT_texture_env_combine GL_NV_texture_rectangle GL_EXT_texture_edge_clamp GL_ARB_map_buffer_range
20:54:35: Supported GLX extensions: GLX_ARB_get_proc_address GLX_SGIX_fbconfig GLX_EXT_texture_from_pixmap
20:54:35: ***************************
20:54:35: *** GL Renderer Started ***
20:54:35: ***************************
20:54:35: Registering ResourceManager for type GpuProgram
20:54:35: GLSL support detected
20:54:35: GL: Using GL_EXT_framebuffer_object for rendering to textures (best)
20:54:36: FBO PF_UNKNOWN depth/stencil support: D0S1 D0S4 D0S8 D0S16 D16S0 D24S0 D32S0 Packed-D24S8 
20:54:36: FBO PF_R5G6B5 depth/stencil support: D0S0 D0S1 D0S4 D0S8 D0S16 D16S0 D24S0 D32S0 Packed-D24S8 
20:54:36: FBO PF_B5G6R5 depth/stencil support: D0S0 D0S1 D0S4 D0S8 D0S16 D16S0 D24S0 D32S0 Packed-D24S8 
20:54:36: FBO PF_A4R4G4B4 depth/stencil support: D0S0 D0S1 D0S4 D0S8 D0S16 D16S0 D24S0 D32S0 Packed-D24S8 
20:54:36: FBO PF_A1R5G5B5 depth/stencil support: D0S0 D0S1 D0S4 D0S8 D0S16 D16S0 D24S0 D32S0 Packed-D24S8 
20:54:36: FBO PF_R8G8B8 depth/stencil support: D0S0 D0S1 D0S4 D0S8 D0S16 D16S0 D24S0 D32S0 Packed-D24S8 
20:54:36: FBO PF_B8G8R8 depth/stencil support: D0S0 D0S1 D0S4 D0S8 D0S16 D16S0 D24S0 D32S0 Packed-D24S8 
20:54:36: FBO PF_A8R8G8B8 depth/stencil support: D0S0 D0S1 D0S4 D0S8 D0S16 D16S0 D24S0 D32S0 Packed-D24S8 
20:54:36: FBO PF_B8G8R8A8 depth/stencil support: D0S0 D0S1 D0S4 D0S8 D0S16 D16S0 D24S0 D32S0 Packed-D24S8 
20:54:36: FBO PF_A2R10G10B10 depth/stencil support: D0S0 D0S1 D0S4 D0S8 D0S16 D16S0 D24S0 D32S0 Packed-D24S8 
20:54:36: FBO PF_A2B10G10R10 depth/stencil support: D0S0 D0S1 D0S4 D0S8 D0S16 D16S0 D24S0 D32S0 Packed-D24S8 
20:54:36: FBO PF_FLOAT16_RGB depth/stencil support: D0S0 D0S1 D0S4 D0S8 D0S16 D16S0 D24S0 D32S0 Packed-D24S8 
20:54:36: FBO PF_FLOAT16_RGBA depth/stencil support: D0S0 D0S1 D0S4 D0S8 D0S16 D16S0 D24S0 D32S0 Packed-D24S8 
20:54:36: FBO PF_FLOAT32_RGB depth/stencil support: D0S0 D0S1 D0S4 D0S8 D0S16 D16S0 D24S0 D32S0 Packed-D24S8 
20:54:36: FBO PF_FLOAT32_RGBA depth/stencil support: D0S0 D0S1 D0S4 D0S8 D0S16 D16S0 D24S0 D32S0 Packed-D24S8 
20:54:37: FBO PF_X8R8G8B8 depth/stencil support: D0S0 D0S1 D0S4 D0S8 D0S16 D16S0 D24S0 D32S0 Packed-D24S8 
20:54:37: FBO PF_X8B8G8R8 depth/stencil support: D0S0 D0S1 D0S4 D0S8 D0S16 D16S0 D24S0 D32S0 Packed-D24S8 
20:54:37: FBO PF_SHORT_RGBA depth/stencil support: D0S0 D0S1 D0S4 D0S8 D0S16 D16S0 D24S0 D32S0 Packed-D24S8 
20:54:37: FBO PF_R3G3B2 depth/stencil support: D0S0 D0S1 D0S4 D0S8 D0S16 D16S0 D24S0 D32S0 Packed-D24S8 
20:54:37: FBO PF_SHORT_RGB depth/stencil support: D0S0 D0S1 D0S4 D0S8 D0S16 D16S0 D24S0 D32S0 Packed-D24S8 
20:54:37: [GL] : Valid FBO targets PF_UNKNOWN PF_R5G6B5 PF_B5G6R5 PF_A4R4G4B4 PF_A1R5G5B5 PF_R8G8B8 PF_B8G8R8 PF_A8R8G8B8 PF_B8G8R8A8 PF_A2R10G10B10 PF_A2B10G10R10 PF_FLOAT16_RGB PF_FLOAT16_RGBA PF_FLOAT32_RGB PF_FLOAT32_RGBA PF_X8R8G8B8 PF_X8B8G8R8 PF_SHORT_RGBA PF_R3G3B2 PF_SHORT_RGB 
20:54:37: RenderSystem capabilities
20:54:37: -------------------------
20:54:37: RenderSystem Name: OpenGL Rendering Subsystem
20:54:37: GPU Vendor: intel
20:54:37: Device Name: Parallels using Intel HD Graphics 5000 OpenGL Engine
20:54:37: Driver Version: 2.1.0.0
20:54:37:  * Fixed function pipeline: yes
20:54:37:  * Hardware generation of mipmaps: no
20:54:37:  * Texture blending: yes
20:54:37:  * Anisotropic texture filtering: yes
20:54:37:  * Dot product texture operation: yes
20:54:37:  * Cube mapping: yes
20:54:37:  * Hardware stencil buffer: yes
20:54:37:    - Stencil depth: 8
20:54:37:    - Two sided stencil support: yes
20:54:37:    - Wrap stencil values: yes
20:54:37:  * Hardware vertex / index buffers: yes
20:54:37:  * Vertex programs: yes
20:54:37:  * Number of floating-point constants for vertex programs: 1024
20:54:37:  * Number of integer constants for vertex programs: 0
20:54:37:  * Number of boolean constants for vertex programs: 0
20:54:37:  * Fragment programs: yes
20:54:37:  * Number of floating-point constants for fragment programs: 1024
20:54:37:  * Number of integer constants for fragment programs: 0
20:54:37:  * Number of boolean constants for fragment programs: 0
20:54:37:  * Geometry programs: yes
20:54:37:  * Number of floating-point constants for geometry programs: 4096
20:54:37:  * Number of integer constants for geometry programs: 0
20:54:37:  * Number of boolean constants for geometry programs: 0
20:54:37:  * Supported Shader Profiles: arbfp1 arbvp1 glsl gp4gp gpu_gp nvgp4
20:54:37:  * Texture Compression: yes
20:54:37:    - DXT: yes
20:54:37:    - VTC: no
20:54:37:    - PVRTC: no
20:54:37:  * Scissor Rectangle: yes
20:54:37:  * Hardware Occlusion Query: yes
20:54:37:  * User clip planes: yes
20:54:37:  * VET_UBYTE4 vertex element type: yes
20:54:37:  * Infinite far plane projection: yes
20:54:37:  * Hardware render-to-texture: yes
20:54:37:  * Floating point textures: yes
20:54:37:  * Non-power-of-two textures: yes
20:54:37:  * Volume textures: yes
20:54:37:  * Multiple Render Targets: 8
20:54:37:    - With different bit depths: yes
20:54:37:  * Point Sprites: yes
20:54:37:  * Extended point parameters: yes
20:54:37:  * Max Point Size: 255.875
20:54:37:  * Vertex texture fetch: yes
20:54:37:  * Number of world matrices: 0
20:54:37:  * Number of texture units: 16
20:54:37:  * Stencil buffer depth: 8
20:54:37:  * Number of vertex blend matrices: 0
20:54:37:    - Max vertex textures: 16
20:54:37:    - Vertex textures shared: yes
20:54:37:  * Render to Vertex Buffer : no
20:54:37:  * GL 1.5 without VBO workaround: no
20:54:37:  * Frame Buffer objects: yes
20:54:37:  * Frame Buffer objects (ARB extension): no
20:54:37:  * Frame Buffer objects (ATI extension): no
20:54:37:  * PBuffer support: yes
20:54:37:  * GL 1.5 without HW-occlusion workaround: no
20:54:37:  * Separate shader objects: no
20:54:37: DefaultWorkQueue('Root') initialising on thread 2ac153732600.
20:54:37: DefaultWorkQueue('Root')::WorkerFunc - thread 2ac161857700 starting.
20:54:37: DefaultWorkQueue('Root')::WorkerFunc - thread 2ac161656700 starting.
20:54:37: Particle Renderer Type 'billboard' registered
20:54:37: Parsing scripts for resource group Autodetect
20:54:37: Finished parsing scripts for resource group Autodetect
20:54:37: Creating resources for group Autodetect
20:54:37: All done
20:54:37: Parsing scripts for resource group Fonts
20:54:37: Finished parsing scripts for resource group Fonts
20:54:37: Creating resources for group Fonts
20:54:37: All done
20:54:37: Parsing scripts for resource group General
20:54:37: Parsing script Cube.material
20:54:37: Parsing script panel.material
20:54:37: Parsing script Ground.material
20:54:37: Parsing script Scene.material
20:54:37: Parsing script AxisMaterial.material
20:54:37: Parsing script PlateMaterial.material
20:54:37: Parsing script HeadMaterial.material
20:54:37: Parsing script robot2blend.material
20:54:37: Parsing script WheelMaterial.material
20:54:37: Parsing script PaintedMetalMaterial.material
20:54:37: Parsing script FloorMaterial.001.material
20:54:37: Parsing script Glass3Material.material
20:54:37: Parsing script LadderMaterial.001.material
20:54:37: Parsing script GlassMaterial.material
20:54:37: Parsing script DoorMaterial.001.material
20:54:37: Parsing script ElevatorDoorMaterial.material
20:54:37: Parsing script MetalMaterial.001.material
20:54:37: Parsing script WoodMaterial.material
20:54:37: Parsing script CableMaterial.material
20:54:37: Parsing script Glass2Material.material
20:54:37: Parsing script RoofMaterial.material
20:54:37: Parsing script MetalDiamontMaterial.material
20:54:37: Parsing script Eye_brown.material
20:54:37: Parsing script short01Material.material
20:54:37: Parsing script shoes02.material
20:54:37: Parsing script eyebrow007.material
20:54:37: Parsing script young_caucasian_female.material
20:54:37: Parsing script female01Material.material
20:54:37: Parsing script TShirtWhite.material
20:54:37: Parsing script Rebotador.material
20:54:37: Parsing script CristalMaterial.material
20:54:37: Parsing script CarbonTexture.material
20:54:37: Parsing script MetalCatMaterial.material
20:54:37: Parsing script Blue.fontdef
20:54:37: Parsing script info.overlay
20:54:37: Texture: FondoMain.tga: Loading 1 faces(PF_A8R8G8B8,2162x1216x1) with 11 generated mipmaps from Image. Internal format is PF_A8R8G8B8,2162x1216x1.
20:54:37: Texture: AELogo.tga: Loading 1 faces(PF_A8R8G8B8,650x260x1) with 9 generated mipmaps from Image. Internal format is PF_A8R8G8B8,650x260x1.
20:54:37: Finished parsing scripts for resource group General
20:54:37: Creating resources for group General
20:54:37: All done
20:54:37: Parsing scripts for resource group Imagesets
20:54:37: Finished parsing scripts for resource group Imagesets
20:54:37: Creating resources for group Imagesets
20:54:37: All done
20:54:37: Parsing scripts for resource group Internal
20:54:37: Finished parsing scripts for resource group Internal
20:54:37: Creating resources for group Internal
20:54:37: All done
20:54:37: Parsing scripts for resource group Layouts
20:54:37: Finished parsing scripts for resource group Layouts
20:54:37: Creating resources for group Layouts
20:54:37: All done
20:54:37: Parsing scripts for resource group LookNFeel
20:54:37: Finished parsing scripts for resource group LookNFeel
20:54:37: Creating resources for group LookNFeel
20:54:37: All done
20:54:37: Parsing scripts for resource group Schemes
20:54:37: Finished parsing scripts for resource group Schemes
20:54:37: Creating resources for group Schemes
20:54:37: All done
20:54:37: Texture: _cegui_ogre_0: Loading 1 faces(PF_A8B8G8R8,800x400x1) with 0 generated mipmaps from Image. Internal format is PF_A8R8G8B8,800x400x1.
20:54:37: Texture: _cegui_ogre_1: Loading 1 faces(PF_A8B8G8R8,800x400x1) with 0 generated mipmaps from Image. Internal format is PF_A8R8G8B8,800x400x1.
20:54:37: Texture: _cegui_ogre_2: Loading 1 faces(PF_A8B8G8R8,256x256x1) with 0 generated mipmaps from Image. Internal format is PF_A8R8G8B8,256x256x1.
20:54:39: Registering ResourceManager for type Track
20:54:39: Registering ResourceManager for type SoundFX
20:54:39: Mesh: Loading Nivel.mesh.
20:54:39: Texture: Concrete_FlatSurface_1k_d.tga: Loading 1 faces(PF_R8G8B8,1024x1024x1) with 10 generated mipmaps from Image. Internal format is PF_X8R8G8B8,1024x1024x1.
20:54:39: Texture: Concrete_FlatSurface_1k_nY+.tga: Loading 1 faces(PF_R8G8B8,1024x1024x1) with 10 generated mipmaps from Image. Internal format is PF_X8R8G8B8,1024x1024x1.
20:54:39: Texture: Concrete_FlatSurface_1k_s.tga: Loading 1 faces(PF_R8G8B8,1024x1024x1) with 10 generated mipmaps from Image. Internal format is PF_X8R8G8B8,1024x1024x1.
20:54:39: Texture: Concrete_Europe_1k_d.tga: Loading 1 faces(PF_R8G8B8,1024x1024x1) with 10 generated mipmaps from Image. Internal format is PF_X8R8G8B8,1024x1024x1.
20:54:39: Texture: Concrete_Europe_1k_nY+.tga: Loading 1 faces(PF_R8G8B8,1024x1024x1) with 10 generated mipmaps from Image. Internal format is PF_X8R8G8B8,1024x1024x1.
20:54:39: Texture: Concrete_Europe_1k_s.tga: Loading 1 faces(PF_R8G8B8,1024x1024x1) with 10 generated mipmaps from Image. Internal format is PF_X8R8G8B8,1024x1024x1.
20:54:39: Texture: wood_BarnWall_1k_d.tga: Loading 1 faces(PF_R8G8B8,1024x1024x1) with 10 generated mipmaps from Image. Internal format is PF_X8R8G8B8,1024x1024x1.
20:54:39: Texture: wood_BarnWall_1k_nY+.tga: Loading 1 faces(PF_R8G8B8,1024x1024x1) with 10 generated mipmaps from Image. Internal format is PF_X8R8G8B8,1024x1024x1.
20:54:39: Texture: wood_BarnWall_1k_s.tga: Loading 1 faces(PF_R8G8B8,1024x1024x1) with 10 generated mipmaps from Image. Internal format is PF_X8R8G8B8,1024x1024x1.
20:54:39: Texture: Metal_DiamondPlate_1k_d.tga: Loading 1 faces(PF_R8G8B8,1024x1024x1) with 10 generated mipmaps from Image. Internal format is PF_X8R8G8B8,1024x1024x1.
20:54:39: Texture: Metal_DiamondPlate_1k_n.tga: Loading 1 faces(PF_R8G8B8,1024x1024x1) with 10 generated mipmaps from Image. Internal format is PF_X8R8G8B8,1024x1024x1.
20:54:39: Texture: Metal_DiamondPlate_1k_s.tga: Loading 1 faces(PF_R8G8B8,1024x1024x1) with 10 generated mipmaps from Image. Internal format is PF_X8R8G8B8,1024x1024x1.
20:54:39: Texture: Metal_CorrugatedAngularWallPainted_1k_d1.tga: Loading 1 faces(PF_R8G8B8,1024x1024x1) with 10 generated mipmaps from Image. Internal format is PF_X8R8G8B8,1024x1024x1.
20:54:39: Texture: Metal_CorrugatedAngularWallPainted_1k_nY+.tga: Loading 1 faces(PF_R8G8B8,1024x1024x1) with 10 generated mipmaps from Image. Internal format is PF_X8R8G8B8,1024x1024x1.
20:54:40: Texture: Metal_CorrugatedAngularWallPainted_1k_s.tga: Loading 1 faces(PF_R8G8B8,1024x1024x1) with 10 generated mipmaps from Image. Internal format is PF_X8R8G8B8,1024x1024x1.
20:54:40: Texture: Metal_BrushedMetal_1k_d.tga: Loading 1 faces(PF_R8G8B8,1024x1024x1) with 10 generated mipmaps from Image. Internal format is PF_X8R8G8B8,1024x1024x1.
20:54:40: Texture: Metal_BrushedMetal_1k_nY+.tga: Loading 1 faces(PF_R8G8B8,1024x1024x1) with 10 generated mipmaps from Image. Internal format is PF_X8R8G8B8,1024x1024x1.
20:54:40: Texture: Metal_BrushedMetal_1k_s.tga: Loading 1 faces(PF_R8G8B8,1024x1024x1) with 10 generated mipmaps from Image. Internal format is PF_X8R8G8B8,1024x1024x1.
20:54:40: Texture: Concrete_FlatSurface_1k_n.tga: Loading 1 faces(PF_R8G8B8,1024x1024x1) with 10 generated mipmaps from Image. Internal format is PF_X8R8G8B8,1024x1024x1.
20:54:40: Texture: Door_BarredWindow_1k_d3.tga: Loading 1 faces(PF_R8G8B8,1024x1024x1) with 10 generated mipmaps from Image. Internal format is PF_X8R8G8B8,1024x1024x1.
20:54:40: Texture: Door_BarredWindow_1k_nY+.tga: Loading 1 faces(PF_R8G8B8,1024x1024x1) with 10 generated mipmaps from Image. Internal format is PF_X8R8G8B8,1024x1024x1.
20:54:40: Texture: Door_BarredWindow_1k_s.tga: Loading 1 faces(PF_R8G8B8,1024x1024x1) with 10 generated mipmaps from Image. Internal format is PF_X8R8G8B8,1024x1024x1.
20:54:40: Mesh: Loading PJMesh.mesh.
20:54:40: Skeleton: Loading PJMesh.skeleton
20:54:40: Texture: young_lightskinned_female_diffuse.png: Loading 1 faces(PF_A8R8G8B8,2048x2048x1) with 11 generated mipmaps from Image. Internal format is PF_A8R8G8B8,2048x2048x1.
20:54:40: Texture: tshirt_texture_white.png: Loading 1 faces(PF_R8G8B8,1024x1024x1) with 10 generated mipmaps from Image. Internal format is PF_X8R8G8B8,1024x1024x1.
20:54:41: Texture: shoes02_white.png: Loading 1 faces(PF_A8R8G8B8,1024x1024x1) with 10 generated mipmaps from Image. Internal format is PF_A8R8G8B8,1024x1024x1.
20:54:41: Texture: jeans01_black_diffuse.png: Loading 1 faces(PF_A8R8G8B8,1024x1024x1) with 10 generated mipmaps from Image. Internal format is PF_A8R8G8B8,1024x1024x1.
20:54:41: Texture: eyebrow007.png: Loading 1 faces(PF_A8R8G8B8,512x512x1) with 9 generated mipmaps from Image. Internal format is PF_A8R8G8B8,512x512x1.
20:54:41: Texture: brown_eye.png: Loading 1 faces(PF_A8R8G8B8,1024x1024x1) with 10 generated mipmaps from Image. Internal format is PF_A8R8G8B8,1024x1024x1.
20:54:41: Texture: diffuse_black.png: Loading 1 faces(PF_A8R8G8B8,2048x2048x1) with 11 generated mipmaps from Image. Internal format is PF_A8R8G8B8,2048x2048x1.
20:54:41: WARNING: the mesh 'PJMesh.mesh' includes vertices with more than 4 bone assignments. The lowest weighted assignments beyond this limit have been removed, so your animation may look slightly different. To eliminate this, reduce the number of bone assignments per vertex on your mesh to 4.
20:54:41: Texture: spot_shadow_fade.png: Loading 1 faces(PF_R8G8B8,128x128x1) with 7 generated mipmaps from Image. Internal format is PF_X8R8G8B8,128x128x1.
20:54:56: DefaultWorkQueue('Root') shutting down on thread 2ac153732600.
20:54:56: DefaultWorkQueue('Root')::WorkerFunc - thread 2ac161857700 stopped.
20:54:56: DefaultWorkQueue('Root')::WorkerFunc - thread 2ac161656700 stopped.
20:54:56: *-*-* OGRE Shutdown
20:54:56: Unregistering ResourceManager for type Compositor
20:54:56: Unregistering ResourceManager for type Font
20:54:56: Unregistering ResourceManager for type Skeleton
20:54:56: Unregistering ResourceManager for type Mesh
20:54:56: Unregistering ResourceManager for type HighLevelGpuProgram
20:54:56: Uninstalling plugin: GL RenderSystem
20:54:56: Unregistering ResourceManager for type GpuProgram
20:54:56: ******************************
*** Stopping GLX Subsystem ***
******************************
20:54:56: Unregistering ResourceManager for type Texture
20:54:56: Plugin successfully uninstalled
20:54:56: Unloading library /usr/lib/x86_64-linux-gnu/OGRE-1.8.0/RenderSystem_GL
20:54:56: Unregistering ResourceManager for type Material
